nohup: ignoring input
INFO:     Will watch for changes in these directories: ['/root/Gammaura/Project/Fotosphere3']
INFO:     Uvicorn running on http://0.0.0.0:8502 (Press CTRL+C to quit)
INFO:     Started reloader process [33083] using StatReload
INFO:     Started server process [33158]
INFO:     Waiting for application startup.
INFO:     Application startup complete.
INFO:     127.0.0.1:47510 - "HEAD /api/config HTTP/1.1" 404 Not Found
INFO:     127.0.0.1:47510 - "GET /api/config HTTP/1.1" 200 OK
WARNING:  StatReload detected changes in 'utils.py'. Reloading...
INFO:     Shutting down
INFO:     Waiting for application shutdown.
INFO:     Application shutdown complete.
INFO:     Finished server process [33158]
INFO:     Started server process [35512]
INFO:     Waiting for application startup.
INFO:     Application startup complete.
WARNING:  StatReload detected changes in 'main.py'. Reloading...
INFO:     Shutting down
INFO:     Waiting for application shutdown.
INFO:     Application shutdown complete.
INFO:     Finished server process [35512]
INFO:     Started server process [38953]
INFO:     Waiting for application startup.
INFO:     Application startup complete.
WARNING:  StatReload detected changes in 'main.py'. Reloading...
INFO:     Shutting down
INFO:     Waiting for application shutdown.
INFO:     Application shutdown complete.
INFO:     Finished server process [38953]
INFO:     Started server process [40535]
INFO:     Waiting for application startup.
INFO:     Application startup complete.
WARNING:  StatReload detected changes in 'main.py'. Reloading...
INFO:     Shutting down
INFO:     Waiting for application shutdown.
INFO:     Application shutdown complete.
INFO:     Finished server process [40535]
INFO:     Started server process [40598]
INFO:     Waiting for application startup.
INFO:     Application startup complete.
